   â–˛ Next.js 16.0.10 (Turbopack)
   - Environments: .env.local

   Creating an optimized production build ...
 âś“ Compiled successfully in 7.5s
   Skipping validation of types
   Collecting page data using 7 workers ...
   Generating static pages using 7 workers (0/57) ...
   Generating static pages using 7 workers (14/57) 
   Generating static pages using 7 workers (28/57) 
   Generating static pages using 7 workers (42/57) 
 âś“ Generating static pages using 7 workers (57/57) in 695.7ms
   Finalizing page optimization ...

Route (app)
â”Ś â—‹ /
â”ś â—‹ /_not-found
â”ś Ć’ /api/admin/cleanup-duplicates
â”ś Ć’ /api/admin/diagnose-duplicates
â”ś Ć’ /api/admin/manual-merge
â”ś Ć’ /api/admin/merge-duplicates
â”ś Ć’ /api/admin/search-leads
â”ś Ć’ /api/atlas/generate-offer
â”ś Ć’ /api/atlas/heatmap
â”ś Ć’ /api/atlas/heatmap/leads
â”ś Ć’ /api/atlas/ingest-voice
â”ś Ć’ /api/atlas/property-history
â”ś Ć’ /api/atlas/search
â”ś Ć’ /api/atlas/send-selection
â”ś Ć’ /api/auth/login
â”ś Ć’ /api/auth/logout
â”ś Ć’ /api/auth/register
â”ś Ć’ /api/auth/user
â”ś Ć’ /api/block
â”ś Ć’ /api/client-space/[spaceId]/context
â”ś Ć’ /api/client-spaces
â”ś Ć’ /api/cron/process-batch
â”ś Ć’ /api/interaction
â”ś Ć’ /api/lead
â”ś Ć’ /api/lead/[id]
â”ś Ć’ /api/lead/[id]/capsule-link
â”ś Ć’ /api/lead/[id]/note
â”ś Ć’ /api/lead/[id]/read
â”ś Ć’ /api/lead/[id]/reengagement
â”ś Ć’ /api/lead/[id]/silence-analysis
â”ś Ć’ /api/lead/[id]/suggest
â”ś Ć’ /api/lead/[id]/update-name
â”ś Ć’ /api/lead/[id]/update-state
â”ś Ć’ /api/lead/clear-attention
â”ś Ć’ /api/lead/find
â”ś Ć’ /api/lead/visual-state
â”ś Ć’ /api/leads/backfill-photos
â”ś Ć’ /api/leads/pending-count
â”ś Ć’ /api/leads/silent
â”ś Ć’ /api/link-preview
â”ś Ć’ /api/match/property
â”ś Ć’ /api/messages
â”ś Ć’ /api/note
â”ś Ć’ /api/objects/atlas/[hash]
â”ś Ć’ /api/objects/atlas/upload
â”ś Ć’ /api/properties
â”ś Ć’ /api/properties/[id]
â”ś Ć’ /api/properties/[id]/location
â”ś Ć’ /api/property
â”ś Ć’ /api/property-interactions
â”ś Ć’ /api/property/import-vistanet
â”ś Ć’ /api/public/lead/[token]
â”ś Ć’ /api/search/notes
â”ś Ć’ /api/search/orbit
â”ś Ć’ /api/selection-chat
â”ś Ć’ /api/selection-dashboard
â”ś Ć’ /api/transcribe
â”ś Ć’ /api/upload
â”ś Ć’ /api/whatsapp/disconnect
â”ś Ć’ /api/whatsapp/qr
â”ś Ć’ /api/whatsapp/send
â”ś Ć’ /api/whatsapp/send-carousel
â”ś Ć’ /api/whatsapp/status
â”ś Ć’ /api/zapi/status
â”ś Ć’ /api/zapi/webhook
â”ś â—‹ /atlas
â”ś Ć’ /l/[token]
â”ś Ć’ /lead/[id]
â”ś Ć’ /leads/[id]/intelligence
â”ś â—‹ /login
â”ś â—‹ /observability
â”ś â—‹ /pipeline
â”ś Ć’ /selection/[slug]
â”ś â—‹ /silence
â”” â—‹ /telemetry


â—‹  (Static)   prerendered as static content
Ć’  (Dynamic)  server-rendered on demand

